TN:
SF:src\api.js
FN:4,setToken
FNF:1
FNH:0
FNDA:0,setToken
DA:1,1
DA:2,1
DA:3,1
DA:4,1
DA:5,0
DA:6,0
DA:7,1
LF:7
LH:5
BRF:0
BRH:0
end_of_record
TN:
SF:src\components\CardList.jsx
FN:4,CardList
FN:29,onClick
FNF:2
FNH:2
FNDA:6,CardList
FNDA:1,onClick
DA:1,1
DA:2,1
DA:4,6
DA:5,6
DA:7,6
DA:8,3
DA:9,6
DA:11,6
DA:12,6
DA:13,6
DA:15,6
DA:16,6
DA:17,6
DA:18,3
DA:19,3
DA:20,3
DA:22,3
DA:23,3
DA:24,3
DA:25,3
DA:26,3
DA:27,3
DA:28,3
DA:29,3
DA:30,3
DA:31,3
DA:33,3
DA:34,3
DA:35,6
DA:36,6
DA:37,4
DA:39,4
DA:41,6
DA:43,6
LF:34
LH:34
BRDA:4,0,0,6
BRDA:36,1,0,4
BRDA:7,2,0,3
BRDA:8,3,0,3
BRDA:11,4,0,6
BRDA:17,5,0,3
BRDA:29,6,0,1
BRF:7
BRH:7
end_of_record
TN:
SF:src\components\DeckView.jsx
FN:3,DeckView
FN:39,onClick
FNF:2
FNH:2
FNDA:3,DeckView
FNDA:1,onClick
DA:1,1
DA:3,3
DA:4,3
DA:5,3
DA:6,2
DA:7,1
DA:9,3
DA:10,3
DA:11,3
DA:13,3
DA:14,3
DA:15,3
DA:16,3
DA:17,3
DA:18,3
DA:19,3
DA:20,3
DA:22,3
DA:23,1
DA:25,2
DA:26,2
DA:27,4
DA:28,4
DA:29,4
DA:31,4
DA:32,4
DA:33,4
DA:34,4
DA:35,4
DA:36,4
DA:38,4
DA:39,4
DA:40,4
DA:41,4
DA:43,4
DA:44,4
DA:45,2
DA:46,2
DA:48,3
DA:50,3
LF:40
LH:40
BRDA:3,0,0,3
BRDA:5,1,0,2
BRDA:6,2,0,1
BRDA:22,3,0,1
BRDA:23,4,0,2
BRDA:6,5,0,4
BRDA:26,6,0,4
BRDA:39,7,0,1
BRF:8
BRH:8
end_of_record
TN:
SF:src\components\Layout.jsx
FN:5,Layout
FNF:1
FNH:1
FNDA:1,Layout
DA:2,1
DA:3,1
DA:5,1
DA:6,1
DA:7,1
DA:9,1
DA:12,1
DA:13,1
DA:14,1
DA:17,1
DA:18,1
DA:21,1
DA:22,1
DA:23,1
DA:24,1
DA:26,1
LF:16
LH:16
BRDA:5,0,0,1
BRF:1
BRH:1
end_of_record
TN:
SF:src\components\Navbar.jsx
FN:5,Navbar
FN:23,handleLogout
FN:105,onClick
FNF:3
FNH:1
FNDA:6,Navbar
FNDA:0,handleLogout
FNDA:0,onClick
DA:1,1
DA:2,1
DA:3,1
DA:5,6
DA:6,6
DA:7,6
DA:8,6
DA:11,6
DA:12,4
DA:13,4
DA:14,2
DA:15,2
DA:16,2
DA:17,2
DA:18,0
DA:19,0
DA:20,2
DA:21,6
DA:23,6
DA:24,0
DA:25,0
DA:26,0
DA:29,6
DA:30,2
DA:31,2
DA:32,2
DA:33,2
DA:34,2
DA:35,4
DA:37,6
DA:38,6
DA:39,6
DA:40,6
DA:41,6
DA:42,6
DA:43,6
DA:45,6
DA:46,6
DA:47,6
DA:48,6
DA:49,6
DA:50,6
DA:51,6
DA:52,6
DA:54,6
DA:55,6
DA:56,6
DA:57,6
DA:58,6
DA:59,6
DA:60,6
DA:61,6
DA:62,6
DA:64,6
DA:65,6
DA:66,6
DA:67,6
DA:68,6
DA:69,6
DA:70,6
DA:71,6
DA:72,6
DA:74,6
DA:75,6
DA:77,6
DA:78,1
DA:79,1
DA:80,1
DA:81,1
DA:82,1
DA:83,1
DA:84,1
DA:86,1
DA:87,1
DA:89,6
DA:91,6
DA:92,6
DA:93,4
DA:94,4
DA:96,4
DA:97,4
DA:99,4
DA:100,4
DA:102,2
DA:103,2
DA:104,2
DA:105,2
DA:106,2
DA:108,2
DA:109,2
DA:110,2
DA:112,2
DA:113,2
DA:115,6
DA:116,6
DA:117,6
DA:119,6
LF:97
LH:92
BRDA:5,0,0,6
BRDA:29,1,0,2
BRDA:34,2,0,4
BRDA:50,3,0,0
BRDA:60,4,0,0
BRDA:70,5,0,0
BRDA:77,6,0,2
BRDA:77,7,0,1
BRDA:82,8,0,0
BRDA:92,9,0,4
BRDA:100,10,0,2
BRDA:11,11,0,4
BRDA:13,12,0,2
BRDA:17,13,0,0
BRDA:32,14,0,4
BRF:15
BRH:10
end_of_record
TN:
SF:src\components\PrivateRoute.jsx
FN:11,PrivateRoute
FNF:1
FNH:1
FNDA:3,PrivateRoute
DA:1,1
DA:11,3
DA:12,3
DA:13,3
DA:15,1
DA:16,1
DA:18,2
DA:19,2
DA:20,2
DA:22,1
DA:23,1
DA:24,2
DA:27,1
DA:28,1
LF:14
LH:14
BRDA:11,0,0,3
BRDA:13,1,0,1
BRDA:16,2,0,2
BRDA:20,3,0,1
BRDA:24,4,0,1
BRF:5
BRH:5
end_of_record
TN:
SF:src\components\Recommendations.jsx
FN:4,Recommendations
FNF:1
FNH:1
FNDA:4,Recommendations
DA:1,1
DA:2,1
DA:4,4
DA:5,4
DA:7,4
DA:8,2
DA:9,4
DA:11,4
DA:12,4
DA:13,4
DA:14,3
DA:16,1
DA:17,1
DA:18,1
DA:19,1
DA:20,1
DA:21,1
DA:22,1
DA:23,1
DA:24,1
DA:25,1
DA:26,1
DA:27,1
DA:28,1
DA:29,1
DA:30,1
DA:31,1
DA:32,1
DA:33,1
DA:34,1
DA:35,1
DA:36,1
DA:37,1
DA:38,1
DA:39,1
DA:41,1
DA:42,1
DA:43,1
DA:44,1
DA:45,1
DA:46,1
DA:48,4
DA:50,4
LF:43
LH:43
BRDA:4,0,0,4
BRDA:13,1,0,3
BRDA:14,2,0,1
BRDA:7,3,0,2
BRDA:8,4,0,2
BRDA:27,5,0,1
BRF:6
BRH:6
end_of_record
TN:
SF:src\pages\Login.jsx
FN:6,Login
FN:12,handleSubmit
FN:62,onChange
FN:76,onChange
FNF:4
FNH:4
FNDA:11,Login
FNDA:3,handleSubmit
FNDA:2,onChange
FNDA:2,onChange
DA:2,1
DA:3,1
DA:4,1
DA:6,11
DA:7,11
DA:8,11
DA:9,11
DA:10,11
DA:12,11
DA:13,3
DA:14,3
DA:16,3
DA:17,1
DA:18,1
DA:19,1
DA:21,2
DA:22,2
DA:25,1
DA:26,1
DA:27,1
DA:28,1
DA:30,1
DA:31,1
DA:32,1
DA:33,1
DA:34,1
DA:35,0
DA:36,0
DA:37,1
DA:38,3
DA:40,11
DA:41,11
DA:42,11
DA:43,11
DA:45,11
DA:47,11
DA:48,2
DA:49,2
DA:50,2
DA:53,11
DA:54,11
DA:56,11
DA:57,11
DA:58,11
DA:59,11
DA:60,11
DA:61,11
DA:62,11
DA:63,11
DA:64,11
DA:65,11
DA:67,11
DA:68,11
DA:70,11
DA:71,11
DA:72,11
DA:73,11
DA:74,11
DA:75,11
DA:76,11
DA:77,11
DA:78,11
DA:79,11
DA:81,11
DA:82,11
DA:83,11
DA:84,11
DA:86,11
DA:87,11
DA:89,11
LF:70
LH:68
BRDA:6,0,0,11
BRDA:47,1,0,2
BRDA:12,2,0,3
BRDA:16,3,0,2
BRDA:16,4,0,1
BRDA:19,5,0,2
BRDA:22,6,0,1
BRDA:34,7,0,0
BRDA:62,8,0,2
BRDA:76,9,0,2
BRF:10
BRH:9
end_of_record
TN:
SF:src\pages\Register.jsx
FN:6,Register
FN:14,handleSubmit
FN:76,onChange
FN:90,onChange
FN:104,onChange
FN:121,onChange
FNF:6
FNH:6
FNDA:22,Register
FNDA:4,handleSubmit
FNDA:3,onChange
FNDA:3,onChange
FNDA:3,onChange
FNDA:3,onChange
DA:2,1
DA:3,1
DA:4,1
DA:6,22
DA:7,22
DA:8,22
DA:9,22
DA:10,22
DA:11,22
DA:12,22
DA:14,22
DA:15,4
DA:16,4
DA:19,4
DA:20,1
DA:21,1
DA:22,1
DA:23,4
DA:24,1
DA:25,1
DA:26,1
DA:28,2
DA:29,2
DA:30,2
DA:31,2
DA:32,2
DA:33,2
DA:36,1
DA:37,1
DA:38,1
DA:39,1
DA:41,1
DA:42,1
DA:43,1
DA:44,1
DA:45,1
DA:46,0
DA:47,0
DA:48,0
DA:49,0
DA:50,1
DA:51,4
DA:53,22
DA:54,22
DA:55,22
DA:56,22
DA:57,22
DA:59,22
DA:61,22
DA:62,3
DA:63,3
DA:64,3
DA:67,22
DA:68,22
DA:70,22
DA:71,22
DA:72,22
DA:73,22
DA:74,22
DA:75,22
DA:76,22
DA:77,22
DA:78,22
DA:79,22
DA:81,22
DA:82,22
DA:84,22
DA:85,22
DA:86,22
DA:87,22
DA:88,22
DA:89,22
DA:90,22
DA:91,22
DA:92,22
DA:93,22
DA:95,22
DA:96,22
DA:98,22
DA:99,22
DA:100,22
DA:101,22
DA:102,22
DA:103,22
DA:104,22
DA:105,22
DA:106,22
DA:107,22
DA:109,22
DA:110,22
DA:111,22
DA:112,22
DA:113,22
DA:115,22
DA:116,22
DA:117,22
DA:118,22
DA:119,22
DA:120,22
DA:121,22
DA:122,22
DA:123,22
DA:124,22
DA:126,22
DA:127,22
DA:128,22
DA:129,22
DA:131,22
DA:132,22
DA:134,22
LF:110
LH:106
BRDA:6,0,0,22
BRDA:61,1,0,3
BRDA:14,2,0,4
BRDA:19,3,0,3
BRDA:19,4,0,3
BRDA:19,5,0,3
BRDA:19,6,0,1
BRDA:22,7,0,3
BRDA:23,8,0,1
BRDA:26,9,0,2
BRDA:33,10,0,1
BRDA:44,11,0,0
BRDA:45,12,0,0
BRDA:76,13,0,3
BRDA:90,14,0,3
BRDA:104,15,0,3
BRDA:121,16,0,3
BRF:17
BRH:15
end_of_record
