TN:
SF:controllers\authController.js
FN:7,register
FN:37,login
FNF:2
FNH:2
FNDA:7,register
FNDA:16,login
DA:2,10
DA:3,10
DA:4,10
DA:5,10
DA:8,7
DA:9,7
DA:10,2
DA:13,5
DA:14,5
DA:15,5
DA:16,2
DA:19,3
DA:20,3
DA:25,3
DA:26,3
DA:31,3
DA:33,0
DA:38,16
DA:39,16
DA:40,2
DA:43,14
DA:44,14
DA:48,14
DA:49,1
DA:52,13
DA:53,13
DA:54,13
DA:55,2
DA:58,11
DA:59,11
DA:62,11
DA:64,11
DA:66,0
DA:70,10
LF:34
LH:32
BRDA:9,0,0,2
BRDA:9,0,1,5
BRDA:9,1,0,7
BRDA:9,1,1,7
BRDA:9,1,2,5
BRDA:15,2,0,2
BRDA:15,2,1,3
BRDA:39,3,0,2
BRDA:39,3,1,14
BRDA:39,4,0,16
BRDA:39,4,1,16
BRDA:48,5,0,1
BRDA:48,5,1,13
BRDA:54,6,0,2
BRDA:54,6,1,11
BRF:15
BRH:15
end_of_record
TN:
SF:controllers\cartaController.js
FN:3,listarCartas
FN:12,obtenerCartaPorId
FN:25,crearCarta
FN:48,editarCarta
FN:57,(anonymous_4)
FN:75,eliminarCarta
FNF:6
FNH:5
FNDA:3,listarCartas
FNDA:0,obtenerCartaPorId
FNDA:6,crearCarta
FNDA:3,editarCarta
FNDA:2,(anonymous_4)
FNDA:2,eliminarCarta
DA:1,10
DA:4,3
DA:5,3
DA:6,3
DA:8,0
DA:13,0
DA:14,0
DA:15,0
DA:16,0
DA:17,0
DA:19,0
DA:21,0
DA:29,6
DA:31,6
DA:32,2
DA:35,4
DA:36,4
DA:42,4
DA:44,0
DA:49,3
DA:50,3
DA:52,3
DA:53,1
DA:56,2
DA:57,2
DA:59,2
DA:61,2
DA:62,2
DA:66,2
DA:67,1
DA:69,1
DA:71,0
DA:76,2
DA:77,2
DA:78,2
DA:79,2
DA:80,1
DA:82,1
DA:84,0
DA:88,10
LF:40
LH:29
BRDA:16,0,0,0
BRDA:16,0,1,0
BRDA:31,1,0,2
BRDA:31,1,1,4
BRDA:31,2,0,6
BRDA:31,2,1,4
BRDA:31,2,2,4
BRDA:31,2,3,4
BRDA:31,2,4,4
BRDA:31,2,5,4
BRDA:31,2,6,4
BRDA:31,2,7,4
BRDA:52,3,0,1
BRDA:52,3,1,2
BRDA:66,4,0,1
BRDA:66,4,1,1
BRDA:79,5,0,1
BRDA:79,5,1,1
BRF:18
BRH:16
end_of_record
TN:
SF:controllers\mazoController.js
FN:4,crearMazo
FN:25,listarMazos
FN:37,obtenerMazoPorId
FN:55,editarMazo
FN:64,(anonymous_4)
FN:86,eliminarMazo
FNF:6
FNH:6
FNDA:4,crearMazo
FNDA:1,listarMazos
FNDA:1,obtenerMazoPorId
FNDA:1,editarMazo
FNDA:1,(anonymous_4)
FNDA:1,eliminarMazo
DA:2,10
DA:5,4
DA:6,4
DA:8,4
DA:9,1
DA:12,3
DA:13,3
DA:19,3
DA:21,0
DA:26,1
DA:27,1
DA:31,1
DA:33,0
DA:38,1
DA:39,1
DA:40,1
DA:46,1
DA:47,0
DA:49,1
DA:51,0
DA:56,1
DA:57,1
DA:58,1
DA:60,1
DA:61,0
DA:64,1
DA:65,1
DA:67,1
DA:68,1
DA:76,1
DA:77,0
DA:80,1
DA:82,0
DA:87,1
DA:88,1
DA:89,1
DA:95,1
DA:96,0
DA:98,1
DA:100,0
DA:104,10
LF:41
LH:32
BRDA:8,0,0,1
BRDA:8,0,1,3
BRDA:8,1,0,4
BRDA:8,1,1,3
BRDA:8,1,2,3
BRDA:46,2,0,0
BRDA:46,2,1,1
BRDA:60,3,0,0
BRDA:60,3,1,1
BRDA:76,4,0,0
BRDA:76,4,1,1
BRDA:95,5,0,0
BRDA:95,5,1,1
BRF:13
BRH:9
end_of_record
TN:
SF:controllers\recomendacionController.js
FN:3,listarRecomendaciones
FN:23,crearRecomendacion
FN:42,editarRecomendacion
FN:49,(anonymous_3)
FN:69,eliminarRecomendacion
FNF:5
FNH:5
FNDA:4,listarRecomendaciones
FNDA:2,crearRecomendacion
FNDA:3,editarRecomendacion
FNDA:3,(anonymous_3)
FNDA:2,eliminarRecomendacion
DA:1,10
DA:5,4
DA:6,4
DA:7,1
DA:9,3
DA:10,3
DA:17,3
DA:19,0
DA:24,2
DA:25,2
DA:26,1
DA:28,1
DA:29,1
DA:36,1
DA:38,0
DA:43,3
DA:44,3
DA:45,3
DA:46,3
DA:47,1
DA:49,3
DA:50,2
DA:51,2
DA:52,2
DA:53,2
DA:60,2
DA:61,2
DA:63,0
DA:65,0
DA:70,2
DA:71,2
DA:72,2
DA:78,2
DA:79,2
DA:81,0
DA:83,0
DA:87,10
LF:37
LH:31
BRDA:5,0,0,4
BRDA:5,0,1,2
BRDA:6,1,0,1
BRDA:6,1,1,3
BRDA:25,2,0,1
BRDA:25,2,1,1
BRDA:25,3,0,2
BRDA:25,3,1,2
BRDA:25,3,2,2
BRDA:25,3,3,2
BRDA:25,3,4,1
BRDA:46,4,0,1
BRDA:46,4,1,2
BRDA:60,5,0,2
BRDA:60,5,1,0
BRDA:78,6,0,2
BRDA:78,6,1,0
BRF:17
BRH:15
end_of_record
TN:
SF:middleware\authMiddleware.js
FN:37,verificarToken
FN:58,verificarAdmin
FNF:2
FNH:2
FNDA:43,verificarToken
FNDA:33,verificarAdmin
DA:35,10
DA:38,43
DA:40,43
DA:41,9
DA:44,34
DA:45,34
DA:46,0
DA:49,34
DA:50,34
DA:51,33
DA:52,33
DA:54,1
DA:59,33
DA:60,9
DA:62,24
DA:65,10
LF:16
LH:15
BRDA:40,0,0,9
BRDA:40,0,1,34
BRDA:40,1,0,43
BRDA:40,1,1,34
BRDA:45,2,0,0
BRDA:45,2,1,34
BRDA:59,3,0,9
BRDA:59,3,1,24
BRDA:59,4,0,33
BRDA:59,4,1,33
BRF:10
BRH:9
end_of_record
TN:
SF:models\Carta.js
FN:4,listarCartas
FN:14,crearCarta
FN:30,editarCarta
FN:37,(anonymous_3)
FN:47,eliminarCarta
FNF:5
FNH:5
FNDA:2,listarCartas
FNDA:2,crearCarta
FNDA:3,editarCarta
FNDA:3,(anonymous_3)
FNDA:1,eliminarCarta
DA:2,2
DA:5,2
DA:11,2
DA:18,2
DA:27,2
DA:32,3
DA:33,3
DA:34,3
DA:36,2
DA:37,3
DA:41,2
DA:42,2
DA:43,2
DA:44,2
DA:48,1
DA:51,2
LF:16
LH:16
BRDA:34,0,0,1
BRDA:34,0,1,2
BRF:2
BRH:2
end_of_record
TN:
SF:models\Mazo.js
FN:4,crearMazo
FN:14,listarMazos
FN:23,editarMazo
FN:29,(anonymous_3)
FN:42,eliminarMazo
FNF:5
FNH:5
FNDA:2,crearMazo
FNDA:2,listarMazos
FNDA:1,editarMazo
FNDA:1,(anonymous_3)
FNDA:1,eliminarMazo
DA:2,2
DA:5,2
DA:11,2
DA:15,2
DA:20,2
DA:24,1
DA:25,1
DA:26,1
DA:28,1
DA:29,1
DA:32,1
DA:33,1
DA:38,1
DA:39,1
DA:43,1
DA:46,2
LF:16
LH:16
BRDA:26,0,0,0
BRDA:26,0,1,1
BRF:2
BRH:1
end_of_record
TN:
SF:models\MazoCarta.js
FN:4,agregarCartaAMazo
FN:12,obtenerCartasDeMazo
FN:22,quitarCartaDeMazo
FNF:3
FNH:3
FNDA:1,agregarCartaAMazo
FNDA:2,obtenerCartasDeMazo
FNDA:1,quitarCartaDeMazo
DA:2,1
DA:5,1
DA:13,2
DA:19,2
DA:23,1
DA:31,1
LF:6
LH:6
BRF:0
BRH:0
end_of_record
TN:
SF:models\Recomendacion.js
FN:3,crearRecomendacion
FN:13,listarRecomendaciones
FNF:2
FNH:2
FNDA:1,crearRecomendacion
FNDA:1,listarRecomendaciones
DA:1,1
DA:4,1
DA:10,1
DA:14,1
DA:21,1
DA:24,1
LF:6
LH:6
BRF:0
BRH:0
end_of_record
TN:
SF:models\Tienda.js
FN:3,listarTiendas
FNF:1
FNH:1
FNDA:1,listarTiendas
DA:1,1
DA:4,1
DA:5,1
DA:8,1
LF:4
LH:4
BRF:0
BRH:0
end_of_record
TN:
SF:models\Usuario.js
FN:3,crearUsuario
FN:12,obtenerUsuarioPorEmail
FNF:2
FNH:1
FNDA:0,crearUsuario
FNDA:5,obtenerUsuarioPorEmail
DA:1,10
DA:4,0
DA:9,0
DA:13,5
DA:17,5
DA:20,10
LF:6
LH:4
BRDA:3,0,0,0
BRF:1
BRH:0
end_of_record
TN:
SF:routes\authRoutes.js
FNF:0
FNH:0
DA:60,10
DA:61,10
DA:63,10
DA:65,10
DA:66,10
DA:68,10
LF:6
LH:6
BRF:0
BRH:0
end_of_record
TN:
SF:routes\cartaRoutes.js
FNF:0
FNH:0
DA:43,10
DA:50,10
DA:54,10
DA:56,10
DA:58,10
DA:59,10
DA:62,10
DA:63,10
DA:64,10
DA:66,10
LF:10
LH:10
BRF:0
BRH:0
end_of_record
TN:
SF:routes\mazoRoutes.js
FNF:0
FNH:0
DA:2,10
DA:9,10
DA:10,10
DA:12,10
DA:15,10
DA:16,10
DA:19,10
DA:20,10
DA:21,10
DA:23,10
LF:10
LH:10
BRF:0
BRH:0
end_of_record
TN:
SF:routes\recomendacionRoutes.js
FNF:0
FNH:0
DA:1,10
DA:7,10
DA:8,10
DA:10,10
DA:13,10
DA:14,10
DA:17,10
DA:18,10
DA:19,10
DA:21,10
LF:10
LH:10
BRF:0
BRH:0
end_of_record
TN:
SF:utils\scraper.js
FN:5,scrapeTiendas
FN:10,(anonymous_1)
FNF:2
FNH:2
FNDA:1,scrapeTiendas
FNDA:1,(anonymous_1)
DA:2,1
DA:3,1
DA:6,1
DA:7,1
DA:8,1
DA:10,1
DA:11,1
DA:12,1
DA:13,1
DA:16,1
DA:19,1
LF:11
LH:11
BRF:0
BRH:0
end_of_record
